mode: set
github.com/gourdian25/gourdiangin/gourdiangin.go:76.40,77.34 1 1
github.com/gourdian25/gourdiangin/gourdiangin.go:77.34,79.3 1 1
github.com/gourdian25/gourdiangin/gourdiangin.go:80.2,80.61 1 1
github.com/gourdian25/gourdiangin/gourdiangin.go:80.61,82.3 1 1
github.com/gourdian25/gourdiangin/gourdiangin.go:83.2,83.27 1 1
github.com/gourdian25/gourdiangin/gourdiangin.go:83.27,85.3 1 1
github.com/gourdian25/gourdiangin/gourdiangin.go:86.2,86.12 1 1
github.com/gourdian25/gourdiangin/gourdiangin.go:154.74,155.26 1 1
github.com/gourdian25/gourdiangin/gourdiangin.go:155.26,157.17 2 1
github.com/gourdian25/gourdiangin/gourdiangin.go:157.17,158.66 1 0
github.com/gourdian25/gourdiangin/gourdiangin.go:160.3,161.25 2 1
github.com/gourdian25/gourdiangin/gourdiangin.go:164.2,164.42 1 1
github.com/gourdian25/gourdiangin/gourdiangin.go:164.42,166.3 1 0
github.com/gourdian25/gourdiangin/gourdiangin.go:168.2,168.60 1 1
github.com/gourdian25/gourdiangin/gourdiangin.go:168.60,170.3 1 0
github.com/gourdian25/gourdiangin/gourdiangin.go:172.2,181.16 5 1
github.com/gourdian25/gourdiangin/gourdiangin.go:181.16,183.3 1 0
github.com/gourdian25/gourdiangin/gourdiangin.go:184.2,195.3 4 1
github.com/gourdian25/gourdiangin/gourdiangin.go:210.55,212.2 1 0
github.com/gourdian25/gourdiangin/gourdiangin.go:214.52,215.29 1 1
github.com/gourdian25/gourdiangin/gourdiangin.go:215.29,217.3 1 1
github.com/gourdian25/gourdiangin/gourdiangin.go:219.2,222.50 3 1
github.com/gourdian25/gourdiangin/gourdiangin.go:222.50,224.3 1 0
github.com/gourdian25/gourdiangin/gourdiangin.go:226.2,226.94 1 1
github.com/gourdian25/gourdiangin/gourdiangin.go:226.94,228.3 1 0
github.com/gourdian25/gourdiangin/gourdiangin.go:230.2,231.12 2 1
github.com/gourdian25/gourdiangin/gourdiangin.go:234.52,235.29 1 1
github.com/gourdian25/gourdiangin/gourdiangin.go:235.29,237.3 1 1
github.com/gourdian25/gourdiangin/gourdiangin.go:239.2,239.76 1 1
github.com/gourdian25/gourdiangin/gourdiangin.go:239.76,241.3 1 0
github.com/gourdian25/gourdiangin/gourdiangin.go:243.2,244.12 2 1
github.com/gourdian25/gourdiangin/gourdiangin.go:262.82,263.19 1 1
github.com/gourdian25/gourdiangin/gourdiangin.go:263.19,266.3 2 0
github.com/gourdian25/gourdiangin/gourdiangin.go:268.2,269.16 2 1
github.com/gourdian25/gourdiangin/gourdiangin.go:269.16,270.25 1 1
github.com/gourdian25/gourdiangin/gourdiangin.go:270.25,273.4 2 1
github.com/gourdian25/gourdiangin/gourdiangin.go:274.3,274.70 1 0
github.com/gourdian25/gourdiangin/gourdiangin.go:277.2,278.16 2 1
github.com/gourdian25/gourdiangin/gourdiangin.go:278.16,280.3 1 1
github.com/gourdian25/gourdiangin/gourdiangin.go:282.2,283.16 2 1
github.com/gourdian25/gourdiangin/gourdiangin.go:283.16,285.85 2 0
github.com/gourdian25/gourdiangin/gourdiangin.go:285.85,287.4 1 0
github.com/gourdian25/gourdiangin/gourdiangin.go:288.3,288.13 1 0
github.com/gourdian25/gourdiangin/gourdiangin.go:291.2,292.56 2 1
github.com/gourdian25/gourdiangin/gourdiangin.go:292.56,294.53 1 1
github.com/gourdian25/gourdiangin/gourdiangin.go:294.53,296.86 2 1
github.com/gourdian25/gourdiangin/gourdiangin.go:296.86,298.5 1 0
github.com/gourdian25/gourdiangin/gourdiangin.go:299.4,299.14 1 1
github.com/gourdian25/gourdiangin/gourdiangin.go:301.3,301.66 1 0
github.com/gourdian25/gourdiangin/gourdiangin.go:304.2,305.12 2 0
github.com/gourdian25/gourdiangin/gourdiangin.go:305.12,308.3 2 0
github.com/gourdian25/gourdiangin/gourdiangin.go:310.2,310.9 1 0
github.com/gourdian25/gourdiangin/gourdiangin.go:311.21,312.17 1 0
github.com/gourdian25/gourdiangin/gourdiangin.go:312.17,313.59 1 0
github.com/gourdian25/gourdiangin/gourdiangin.go:313.59,315.5 1 0
github.com/gourdian25/gourdiangin/gourdiangin.go:315.10,317.5 1 0
github.com/gourdian25/gourdiangin/gourdiangin.go:319.37,320.67 1 0
github.com/gourdian25/gourdiangin/gourdiangin.go:323.2,323.66 1 0
github.com/gourdian25/gourdiangin/gourdiangin.go:323.66,325.3 1 0
github.com/gourdian25/gourdiangin/gourdiangin.go:327.2,328.12 2 0
github.com/gourdian25/gourdiangin/gourdiangin.go:348.44,352.43 3 1
github.com/gourdian25/gourdiangin/gourdiangin.go:352.43,354.3 1 0
github.com/gourdian25/gourdiangin/gourdiangin.go:355.2,355.15 1 1
github.com/gourdian25/gourdiangin/gourdiangin.go:355.15,356.44 1 1
github.com/gourdian25/gourdiangin/gourdiangin.go:356.44,358.4 1 0
github.com/gourdian25/gourdiangin/gourdiangin.go:361.2,362.12 2 1
github.com/gourdian25/gourdiangin/gourdiangin.go:362.12,364.23 2 1
github.com/gourdian25/gourdiangin/gourdiangin.go:364.23,367.4 2 1
github.com/gourdian25/gourdiangin/gourdiangin.go:367.9,370.4 2 1
github.com/gourdian25/gourdiangin/gourdiangin.go:371.3,371.48 1 1
github.com/gourdian25/gourdiangin/gourdiangin.go:371.48,374.4 2 0
github.com/gourdian25/gourdiangin/gourdiangin.go:377.2,377.9 1 1
github.com/gourdian25/gourdiangin/gourdiangin.go:378.26,379.45 1 0
github.com/gourdian25/gourdiangin/gourdiangin.go:380.21,382.23 2 1
github.com/gourdian25/gourdiangin/gourdiangin.go:399.47,403.18 3 1
github.com/gourdian25/gourdiangin/gourdiangin.go:403.18,405.3 1 1
github.com/gourdian25/gourdiangin/gourdiangin.go:407.2,410.48 3 1
github.com/gourdian25/gourdiangin/gourdiangin.go:410.48,412.3 1 0
github.com/gourdian25/gourdiangin/gourdiangin.go:414.2,415.12 2 1
github.com/gourdian25/gourdiangin/gourdiangin.go:432.54,434.2 1 1
github.com/gourdian25/gourdiangin/gourdiangin.go:436.49,437.9 1 1
github.com/gourdian25/gourdiangin/gourdiangin.go:438.38,439.57 1 1
github.com/gourdian25/gourdiangin/gourdiangin.go:440.37,441.82 1 0
github.com/gourdian25/gourdiangin/gourdiangin.go:444.2,445.12 2 1
github.com/gourdian25/gourdiangin/gourdiangin.go:445.12,448.3 2 1
github.com/gourdian25/gourdiangin/gourdiangin.go:450.2,450.9 1 1
github.com/gourdian25/gourdiangin/gourdiangin.go:451.14,452.53 1 1
github.com/gourdian25/gourdiangin/gourdiangin.go:453.63,454.54 1 0
github.com/gourdian25/gourdiangin/gourdiangin.go:499.72,501.31 2 1
github.com/gourdian25/gourdiangin/gourdiangin.go:501.31,504.45 1 1
github.com/gourdian25/gourdiangin/gourdiangin.go:504.45,504.57 1 1
github.com/gourdian25/gourdiangin/gourdiangin.go:505.46,510.5 1 1
github.com/gourdian25/gourdiangin/gourdiangin.go:513.2,513.15 1 1
github.com/gourdian25/gourdiangin/gourdiangin.go:516.78,517.20 1 1
github.com/gourdian25/gourdiangin/gourdiangin.go:517.20,519.3 1 1
github.com/gourdian25/gourdiangin/gourdiangin.go:521.2,521.57 1 1
github.com/gourdian25/gourdiangin/gourdiangin.go:521.57,523.3 1 1
github.com/gourdian25/gourdiangin/gourdiangin.go:525.2,526.16 2 1
github.com/gourdian25/gourdiangin/gourdiangin.go:526.16,527.27 1 1
github.com/gourdian25/gourdiangin/gourdiangin.go:527.27,529.4 1 0
github.com/gourdian25/gourdiangin/gourdiangin.go:530.3,530.68 1 1
github.com/gourdian25/gourdiangin/gourdiangin.go:533.2,541.8 1 1
github.com/gourdian25/gourdiangin/gourdiangin.go:544.78,545.20 1 1
github.com/gourdian25/gourdiangin/gourdiangin.go:545.20,547.27 2 1
github.com/gourdian25/gourdiangin/gourdiangin.go:547.27,549.4 1 0
github.com/gourdian25/gourdiangin/gourdiangin.go:553.76,558.25 4 1
github.com/gourdian25/gourdiangin/gourdiangin.go:558.25,560.17 2 1
github.com/gourdian25/gourdiangin/gourdiangin.go:560.17,561.9 1 1
github.com/gourdian25/gourdiangin/gourdiangin.go:563.3,563.30 1 0
github.com/gourdian25/gourdiangin/gourdiangin.go:566.2,566.16 1 1
github.com/gourdian25/gourdiangin/gourdiangin.go:566.16,567.68 1 0
github.com/gourdian25/gourdiangin/gourdiangin.go:567.68,569.4 1 0
github.com/gourdian25/gourdiangin/gourdiangin.go:570.3,570.66 1 0
github.com/gourdian25/gourdiangin/gourdiangin.go:573.2,574.26 2 1
github.com/gourdian25/gourdiangin/gourdiangin.go:574.26,576.3 1 1
github.com/gourdian25/gourdiangin/gourdiangin.go:577.2,577.12 1 1
