mode: set
github.com/gourdian25/gourdiangin/gourdiangin.go:38.40,39.34 1 1
github.com/gourdian25/gourdiangin/gourdiangin.go:39.34,41.3 1 1
github.com/gourdian25/gourdiangin/gourdiangin.go:42.2,42.61 1 1
github.com/gourdian25/gourdiangin/gourdiangin.go:42.61,44.3 1 1
github.com/gourdian25/gourdiangin/gourdiangin.go:45.2,45.27 1 1
github.com/gourdian25/gourdiangin/gourdiangin.go:45.27,47.3 1 1
github.com/gourdian25/gourdiangin/gourdiangin.go:48.2,48.12 1 1
github.com/gourdian25/gourdiangin/gourdiangin.go:67.74,68.26 1 1
github.com/gourdian25/gourdiangin/gourdiangin.go:68.26,70.17 2 1
github.com/gourdian25/gourdiangin/gourdiangin.go:70.17,71.66 1 0
github.com/gourdian25/gourdiangin/gourdiangin.go:73.3,74.25 2 1
github.com/gourdian25/gourdiangin/gourdiangin.go:77.2,77.42 1 1
github.com/gourdian25/gourdiangin/gourdiangin.go:77.42,79.3 1 0
github.com/gourdian25/gourdiangin/gourdiangin.go:81.2,81.60 1 1
github.com/gourdian25/gourdiangin/gourdiangin.go:81.60,83.3 1 0
github.com/gourdian25/gourdiangin/gourdiangin.go:85.2,94.16 5 1
github.com/gourdian25/gourdiangin/gourdiangin.go:94.16,96.3 1 0
github.com/gourdian25/gourdiangin/gourdiangin.go:97.2,108.3 4 1
github.com/gourdian25/gourdiangin/gourdiangin.go:111.55,113.2 1 0
github.com/gourdian25/gourdiangin/gourdiangin.go:115.52,116.29 1 1
github.com/gourdian25/gourdiangin/gourdiangin.go:116.29,118.3 1 1
github.com/gourdian25/gourdiangin/gourdiangin.go:120.2,123.50 3 1
github.com/gourdian25/gourdiangin/gourdiangin.go:123.50,125.3 1 0
github.com/gourdian25/gourdiangin/gourdiangin.go:127.2,127.94 1 1
github.com/gourdian25/gourdiangin/gourdiangin.go:127.94,129.3 1 0
github.com/gourdian25/gourdiangin/gourdiangin.go:131.2,132.12 2 1
github.com/gourdian25/gourdiangin/gourdiangin.go:135.52,136.29 1 1
github.com/gourdian25/gourdiangin/gourdiangin.go:136.29,138.3 1 1
github.com/gourdian25/gourdiangin/gourdiangin.go:140.2,140.76 1 1
github.com/gourdian25/gourdiangin/gourdiangin.go:140.76,142.3 1 0
github.com/gourdian25/gourdiangin/gourdiangin.go:144.2,145.12 2 1
github.com/gourdian25/gourdiangin/gourdiangin.go:148.82,149.19 1 0
github.com/gourdian25/gourdiangin/gourdiangin.go:149.19,152.3 2 0
github.com/gourdian25/gourdiangin/gourdiangin.go:154.2,155.16 2 0
github.com/gourdian25/gourdiangin/gourdiangin.go:155.16,156.25 1 0
github.com/gourdian25/gourdiangin/gourdiangin.go:156.25,159.4 2 0
github.com/gourdian25/gourdiangin/gourdiangin.go:160.3,160.70 1 0
github.com/gourdian25/gourdiangin/gourdiangin.go:163.2,164.16 2 0
github.com/gourdian25/gourdiangin/gourdiangin.go:164.16,166.3 1 0
github.com/gourdian25/gourdiangin/gourdiangin.go:168.2,169.16 2 0
github.com/gourdian25/gourdiangin/gourdiangin.go:169.16,171.85 2 0
github.com/gourdian25/gourdiangin/gourdiangin.go:171.85,173.4 1 0
github.com/gourdian25/gourdiangin/gourdiangin.go:174.3,174.13 1 0
github.com/gourdian25/gourdiangin/gourdiangin.go:177.2,178.56 2 0
github.com/gourdian25/gourdiangin/gourdiangin.go:178.56,180.53 1 0
github.com/gourdian25/gourdiangin/gourdiangin.go:180.53,182.86 2 0
github.com/gourdian25/gourdiangin/gourdiangin.go:182.86,184.5 1 0
github.com/gourdian25/gourdiangin/gourdiangin.go:185.4,185.14 1 0
github.com/gourdian25/gourdiangin/gourdiangin.go:187.3,187.66 1 0
github.com/gourdian25/gourdiangin/gourdiangin.go:190.2,191.12 2 0
github.com/gourdian25/gourdiangin/gourdiangin.go:191.12,194.3 2 0
github.com/gourdian25/gourdiangin/gourdiangin.go:196.2,196.9 1 0
github.com/gourdian25/gourdiangin/gourdiangin.go:197.21,198.17 1 0
github.com/gourdian25/gourdiangin/gourdiangin.go:198.17,199.59 1 0
github.com/gourdian25/gourdiangin/gourdiangin.go:199.59,201.5 1 0
github.com/gourdian25/gourdiangin/gourdiangin.go:201.10,203.5 1 0
github.com/gourdian25/gourdiangin/gourdiangin.go:205.37,206.67 1 0
github.com/gourdian25/gourdiangin/gourdiangin.go:209.2,209.66 1 0
github.com/gourdian25/gourdiangin/gourdiangin.go:209.66,211.3 1 0
github.com/gourdian25/gourdiangin/gourdiangin.go:213.2,214.12 2 0
github.com/gourdian25/gourdiangin/gourdiangin.go:217.44,221.43 3 1
github.com/gourdian25/gourdiangin/gourdiangin.go:221.43,223.3 1 0
github.com/gourdian25/gourdiangin/gourdiangin.go:224.2,227.12 3 1
github.com/gourdian25/gourdiangin/gourdiangin.go:227.12,229.23 2 1
github.com/gourdian25/gourdiangin/gourdiangin.go:229.23,232.4 2 0
github.com/gourdian25/gourdiangin/gourdiangin.go:232.9,235.4 2 1
github.com/gourdian25/gourdiangin/gourdiangin.go:236.3,236.48 1 1
github.com/gourdian25/gourdiangin/gourdiangin.go:236.48,239.4 2 0
github.com/gourdian25/gourdiangin/gourdiangin.go:242.2,242.9 1 1
github.com/gourdian25/gourdiangin/gourdiangin.go:243.26,244.45 1 0
github.com/gourdian25/gourdiangin/gourdiangin.go:245.21,247.23 2 1
github.com/gourdian25/gourdiangin/gourdiangin.go:251.47,255.18 3 1
github.com/gourdian25/gourdiangin/gourdiangin.go:255.18,257.3 1 0
github.com/gourdian25/gourdiangin/gourdiangin.go:259.2,262.48 3 1
github.com/gourdian25/gourdiangin/gourdiangin.go:262.48,264.3 1 0
github.com/gourdian25/gourdiangin/gourdiangin.go:266.2,267.12 2 1
github.com/gourdian25/gourdiangin/gourdiangin.go:270.54,272.2 1 0
github.com/gourdian25/gourdiangin/gourdiangin.go:274.49,275.9 1 1
github.com/gourdian25/gourdiangin/gourdiangin.go:276.38,277.57 1 1
github.com/gourdian25/gourdiangin/gourdiangin.go:278.37,279.82 1 0
github.com/gourdian25/gourdiangin/gourdiangin.go:282.2,283.12 2 1
github.com/gourdian25/gourdiangin/gourdiangin.go:283.12,286.3 2 1
github.com/gourdian25/gourdiangin/gourdiangin.go:288.2,288.9 1 1
github.com/gourdian25/gourdiangin/gourdiangin.go:289.14,290.53 1 1
github.com/gourdian25/gourdiangin/gourdiangin.go:291.63,292.54 1 0
github.com/gourdian25/gourdiangin/gourdiangin.go:305.72,307.31 2 1
github.com/gourdian25/gourdiangin/gourdiangin.go:307.31,310.45 1 1
github.com/gourdian25/gourdiangin/gourdiangin.go:310.45,310.57 1 1
github.com/gourdian25/gourdiangin/gourdiangin.go:311.46,316.5 1 1
github.com/gourdian25/gourdiangin/gourdiangin.go:319.2,319.15 1 1
github.com/gourdian25/gourdiangin/gourdiangin.go:322.78,323.20 1 1
github.com/gourdian25/gourdiangin/gourdiangin.go:323.20,325.3 1 1
github.com/gourdian25/gourdiangin/gourdiangin.go:327.2,327.57 1 0
github.com/gourdian25/gourdiangin/gourdiangin.go:327.57,329.3 1 0
github.com/gourdian25/gourdiangin/gourdiangin.go:331.2,332.16 2 0
github.com/gourdian25/gourdiangin/gourdiangin.go:332.16,333.27 1 0
github.com/gourdian25/gourdiangin/gourdiangin.go:333.27,335.4 1 0
github.com/gourdian25/gourdiangin/gourdiangin.go:336.3,336.68 1 0
github.com/gourdian25/gourdiangin/gourdiangin.go:339.2,347.8 1 0
github.com/gourdian25/gourdiangin/gourdiangin.go:350.78,351.20 1 1
github.com/gourdian25/gourdiangin/gourdiangin.go:351.20,353.27 2 0
github.com/gourdian25/gourdiangin/gourdiangin.go:353.27,355.4 1 0
github.com/gourdian25/gourdiangin/gourdiangin.go:359.76,364.25 4 1
github.com/gourdian25/gourdiangin/gourdiangin.go:364.25,366.17 2 1
github.com/gourdian25/gourdiangin/gourdiangin.go:366.17,367.9 1 1
github.com/gourdian25/gourdiangin/gourdiangin.go:369.3,369.30 1 0
github.com/gourdian25/gourdiangin/gourdiangin.go:372.2,372.16 1 1
github.com/gourdian25/gourdiangin/gourdiangin.go:372.16,373.68 1 0
github.com/gourdian25/gourdiangin/gourdiangin.go:373.68,375.4 1 0
github.com/gourdian25/gourdiangin/gourdiangin.go:376.3,376.66 1 0
github.com/gourdian25/gourdiangin/gourdiangin.go:379.2,380.26 2 1
github.com/gourdian25/gourdiangin/gourdiangin.go:380.26,382.3 1 1
github.com/gourdian25/gourdiangin/gourdiangin.go:383.2,383.12 1 1
